INFO:root:Section: minimizedDQN
INFO:root:		 memorylimit : 300000
INFO:root:		 iterations : 1000000
INFO:root:		 evaluationepisodes : 10
INFO:root:		 learningrate : 0.001
INFO:root:		 epsilone : 0.1
INFO:root:		 epsilonemin : 0.1
INFO:root:		 decreasesteps : 1
INFO:root:_________________________________________________________________
INFO:root:Layer (type)                 Output Shape              Param #   
INFO:root:=================================================================
INFO:root:conv2d_1 (Conv2D)            (None, 32, 49, 49)        2080      
INFO:root:_________________________________________________________________
INFO:root:conv2d_2 (Conv2D)            (None, 32, 49, 8)         400       
INFO:root:_________________________________________________________________
INFO:root:conv2d_3 (Conv2D)            (None, 15, 23, 64)        8256      
INFO:root:_________________________________________________________________
INFO:root:conv2d_4 (Conv2D)            (None, 15, 23, 16)        1040      
INFO:root:_________________________________________________________________
INFO:root:conv2d_5 (Conv2D)            (None, 13, 21, 64)        9280      
INFO:root:_________________________________________________________________
INFO:root:flatten_1 (Flatten)          (None, 17472)             0         
INFO:root:_________________________________________________________________
INFO:root:dense_1 (Dense)              (None, 8)                 139784    
INFO:root:_________________________________________________________________
INFO:root:dense_2 (Dense)              (None, 6)                 54        
INFO:root:=================================================================
INFO:root:Total params: 160,894
INFO:root:Trainable params: 160,894
INFO:root:Non-trainable params: 0
INFO:root:_________________________________________________________________
INFO:root:History:
INFO:root:Episod average rewards: [-40.0, -20.0, 28.180393711298983, -41.46047821864758, -1.5614842443835446, -45.0, -30.583381294847662, -13.937369706257206, -35.0, 29.02299163294872, -4.898593387644901, 26.323967523841546, 33.644160312275666, 25.764583528862488, 10.0, -48.92129896082487, -30.0, 29.323967523841546, 5.944490887083155, -30.0, 24.46166635157219, -2.232612842558259, 1.2811136772661946, -29.85951427647698, 0.6185653440572656, -10.0, 24.402668563016675, -5.0, -140.0, -70.0, -95.0, -35.0, -70.0, -65.0, -65.0, -45.0, -43.92129896082487]
INFO:root:Number of episode steps: [40, 40, 28, 40, 40, 40, 40, 40, 40, 11, 40, 26, 22, 40, 40, 40, 40, 29, 34, 40, 40, 29, 40, 40, 40, 40, 28, 40, 40, 40, 40, 40, 40, 40, 40, 40, 40]
INFO:root:Number of steps: [40, 80, 108, 148, 188, 228, 268, 308, 348, 359, 399, 425, 447, 487, 527, 567, 607, 636, 670, 710, 750, 779, 819, 859, 899, 939, 967, 1007, 1047, 1087, 1127, 1167, 1207, 1247, 1287, 1327, 1367]
