INFO:root:Section: minimizedDQN
INFO:root:		 memorylimit : 300000
INFO:root:		 iterations : 1000000
INFO:root:		 evaluationepisodes : 10
INFO:root:		 learningrate : 1e-10
INFO:root:		 epsilone : 0.1
INFO:root:		 epsilonemin : 0.1
INFO:root:		 decreasesteps : 1
INFO:root:_________________________________________________________________
INFO:root:Layer (type)                 Output Shape              Param #   
INFO:root:=================================================================
INFO:root:conv2d_1 (Conv2D)            (None, 32, 49, 49)        2080      
INFO:root:_________________________________________________________________
INFO:root:conv2d_2 (Conv2D)            (None, 32, 49, 8)         400       
INFO:root:_________________________________________________________________
INFO:root:conv2d_3 (Conv2D)            (None, 15, 23, 64)        8256      
INFO:root:_________________________________________________________________
INFO:root:conv2d_4 (Conv2D)            (None, 15, 23, 16)        1040      
INFO:root:_________________________________________________________________
INFO:root:conv2d_5 (Conv2D)            (None, 13, 21, 64)        9280      
INFO:root:_________________________________________________________________
INFO:root:flatten_1 (Flatten)          (None, 17472)             0         
INFO:root:_________________________________________________________________
INFO:root:dense_1 (Dense)              (None, 8)                 139784    
INFO:root:_________________________________________________________________
INFO:root:dense_2 (Dense)              (None, 6)                 54        
INFO:root:=================================================================
INFO:root:Total params: 160,894
INFO:root:Trainable params: 160,894
INFO:root:Non-trainable params: 0
INFO:root:_________________________________________________________________
INFO:root:History:
INFO:root:Episod average rewards: [-45.0, 34.323967523841546, 19.084918547516764, 25.022991632948724, -30.0, 31.402668563016675, -35.0, 4.005933047901337, 38.259094750474105, -15.0, -55.0, 25.481369602191805, -23.134288569073572, 21.085764156911665, 35.402668563016675, 27.402668563016675, -35.0, 20.402668563016675, -10.0, 20.66337720981696, 1.3319208048373214, 16.323967523841546, 27.022991632948724, 3.7453666313212004, 19.323967523841546, -30.0, -18.92129896082487, 13.323967523841546, 18.259094750474112, -65.0, 20.905714568470852, -9.25721997116161, 40.02299163294872, 4.683798973069738, -15.01915883445188, 26.624943414734375, 32.323967523841546, 23.265328991602615]
INFO:root:Number of episode steps: [40, 39, 6, 17, 40, 25, 40, 39, 32, 40, 40, 18, 40, 16, 29, 26, 40, 9, 40, 10, 40, 21, 14, 37, 19, 40, 40, 28, 27, 40, 23, 40, 27, 40, 40, 14, 17, 18]
INFO:root:Number of steps: [40, 79, 85, 102, 142, 167, 207, 246, 278, 318, 358, 376, 416, 432, 461, 487, 527, 536, 576, 586, 626, 647, 661, 698, 717, 757, 797, 825, 852, 892, 915, 955, 982, 1022, 1062, 1076, 1093, 1111]
